# JRE version: OpenJDK Runtime Environment (8.0_242-b01) (build 1.8.0_242-release-1644-b01)
# Java VM: OpenJDK 64-Bit Server VM (25.242-b01 mixed mode windows-amd64 compressed oops)
Heap:
 PSYoungGen      total 520192K, used 72187K [0x00000000d5580000, 0x00000000ff300000, 0x0000000100000000)
  eden space 479232K, 9% used [0x00000000d5580000,0x00000000d82ec868,0x00000000f2980000)
  from space 40960K, 62% used [0x00000000f2980000,0x00000000f42924b8,0x00000000f5180000)
  to   space 41472K, 0% used [0x00000000fca80000,0x00000000fca80000,0x00000000ff300000)
 ParOldGen       total 176128K, used 124305K [0x0000000080000000, 0x000000008ac00000, 0x00000000d5580000)
  object space 176128K, 70% used [0x0000000080000000,0x0000000087964408,0x000000008ac00000)
 Metaspace       used 111605K, capacity 117824K, committed 117976K, reserved 1150976K
  class space    used 14584K, capacity 15761K, committed 15872K, reserved 1048576K
GC Heap History (10 events):
Event: 693.950 GC heap before
{Heap before GC invocations=21 (full 4):
 PSYoungGen      total 313344K, used 13107K [0x00000000d5580000, 0x00000000efa00000, 0x0000000100000000)
  eden space 283136K, 0% used [0x00000000d5580000,0x00000000d5580000,0x00000000e6a00000)
  from space 30208K, 43% used [0x00000000e6a00000,0x00000000e76ccd70,0x00000000e8780000)
  to   space 28672K, 0% used [0x00000000ede00000,0x00000000ede00000,0x00000000efa00000)
 ParOldGen       total 126464K, used 82103K [0x0000000080000000, 0x0000000087b80000, 0x00000000d5580000)
  object space 126464K, 64% used [0x0000000080000000,0x000000008502dd68,0x0000000087b80000)
 Metaspace       used 93731K, capacity 98282K, committed 98380K, reserved 1134592K
  class space    used 12340K, capacity 13268K, committed 13312K, reserved 1048576K
Event: 694.095 GC heap after
Heap after GC invocations=21 (full 4):
 PSYoungGen      total 313344K, used 0K [0x00000000d5580000, 0x00000000efa00000, 0x0000000100000000)
  eden space 283136K, 0% used [0x00000000d5580000,0x00000000d5580000,0x00000000e6a00000)
  from space 30208K, 0% used [0x00000000e6a00000,0x00000000e6a00000,0x00000000e8780000)
  to   space 28672K, 0% used [0x00000000ede00000,0x00000000ede00000,0x00000000efa00000)
 ParOldGen       total 176128K, used 64145K [0x0000000080000000, 0x000000008ac00000, 0x00000000d5580000)
  object space 176128K, 36% used [0x0000000080000000,0x0000000083ea44e8,0x000000008ac00000)
 Metaspace       used 93674K, capacity 98116K, committed 98380K, reserved 1134592K
  class space    used 12321K, capacity 13235K, committed 13312K, reserved 1048576K
}
Event: 695.770 GC heap before
{Heap before GC invocations=22 (full 4):
 PSYoungGen      total 313344K, used 283136K [0x00000000d5580000, 0x00000000efa00000, 0x0000000100000000)
  eden space 283136K, 100% used [0x00000000d5580000,0x00000000e6a00000,0x00000000e6a00000)
  from space 30208K, 0% used [0x00000000e6a00000,0x00000000e6a00000,0x00000000e8780000)
  to   space 28672K, 0% used [0x00000000ede00000,0x00000000ede00000,0x00000000efa00000)
 ParOldGen       total 176128K, used 64145K [0x0000000080000000, 0x000000008ac00000, 0x00000000d5580000)
  object space 176128K, 36% used [0x0000000080000000,0x0000000083ea44e8,0x000000008ac00000)
 Metaspace       used 100225K, capacity 104882K, committed 105048K, reserved 1140736K
  class space    used 13154K, capacity 14131K, committed 14208K, reserved 1048576K
Event: 695.798 GC heap after
Heap after GC invocations=22 (full 4):
 PSYoungGen      total 400896K, used 10287K [0x00000000d5580000, 0x00000000ef880000, 0x0000000100000000)
  eden space 373760K, 0% used [0x00000000d5580000,0x00000000d5580000,0x00000000ec280000)
  from space 27136K, 37% used [0x00000000ede00000,0x00000000ee80bd40,0x00000000ef880000)
  to   space 27648K, 0% used [0x00000000ec280000,0x00000000ec280000,0x00000000edd80000)
 ParOldGen       total 176128K, used 64153K [0x0000000080000000, 0x000000008ac00000, 0x00000000d5580000)
  object space 176128K, 36% used [0x0000000080000000,0x0000000083ea64e8,0x000000008ac00000)
 Metaspace       used 100225K, capacity 104882K, committed 105048K, reserved 1140736K
  class space    used 13154K, capacity 14131K, committed 14208K, reserved 1048576K
}
Event: 698.204 GC heap before
{Heap before GC invocations=23 (full 4):
 PSYoungGen      total 400896K, used 384047K [0x00000000d5580000, 0x00000000ef880000, 0x0000000100000000)
  eden space 373760K, 100% used [0x00000000d5580000,0x00000000ec280000,0x00000000ec280000)
  from space 27136K, 37% used [0x00000000ede00000,0x00000000ee80bd40,0x00000000ef880000)
  to   space 27648K, 0% used [0x00000000ec280000,0x00000000ec280000,0x00000000edd80000)
 ParOldGen       total 176128K, used 64153K [0x0000000080000000, 0x000000008ac00000, 0x00000000d5580000)
  object space 176128K, 36% used [0x0000000080000000,0x0000000083ea64e8,0x000000008ac00000)
 Metaspace       used 108443K, capacity 114208K, committed 114264K, reserved 1148928K
  class space    used 14326K, capacity 15460K, committed 15488K, reserved 1048576K
Event: 698.277 GC heap after
Heap after GC invocations=23 (full 4):
 PSYoungGen      total 401408K, used 27636K [0x00000000d5580000, 0x00000000f7d00000, 0x0000000100000000)
  eden space 373760K, 0% used [0x00000000d5580000,0x00000000d5580000,0x00000000ec280000)
  from space 27648K, 99% used [0x00000000ec280000,0x00000000edd7d1a0,0x00000000edd80000)
  to   space 38400K, 0% used [0x00000000f5780000,0x00000000f5780000,0x00000000f7d00000)
 ParOldGen       total 176128K, used 83017K [0x0000000080000000, 0x000000008ac00000, 0x00000000d5580000)
  object space 176128K, 47% used [0x0000000080000000,0x0000000085112788,0x000000008ac00000)
 Metaspace       used 108443K, capacity 114208K, committed 114264K, reserved 1148928K
  class space    used 14326K, capacity 15460K, committed 15488K, reserved 1048576K
}
Event: 2033.834 GC heap before
{Heap before GC invocations=24 (full 4):
 PSYoungGen      total 401408K, used 401389K [0x00000000d5580000, 0x00000000f7d00000, 0x0000000100000000)
  eden space 373760K, 99% used [0x00000000d5580000,0x00000000ec27e330,0x00000000ec280000)
  from space 27648K, 99% used [0x00000000ec280000,0x00000000edd7d1a0,0x00000000edd80000)
  to   space 38400K, 0% used [0x00000000f5780000,0x00000000f5780000,0x00000000f7d00000)
 ParOldGen       total 176128K, used 83017K [0x0000000080000000, 0x000000008ac00000, 0x00000000d5580000)
  object space 176128K, 47% used [0x0000000080000000,0x0000000085112788,0x000000008ac00000)
 Metaspace       used 110361K, capacity 116502K, committed 116568K, reserved 1150976K
  class space    used 14534K, capacity 15726K, committed 15744K, reserved 1048576K
Event: 2033.879 GC heap after
Heap after GC invocations=24 (full 4):
 PSYoungGen      total 514048K, used 28600K [0x00000000d5580000, 0x00000000f7980000, 0x0000000100000000)
  eden space 479232K, 0% used [0x00000000d5580000,0x00000000d5580000,0x00000000f2980000)
  from space 34816K, 82% used [0x00000000f5780000,0x00000000f736e050,0x00000000f7980000)
  to   space 40960K, 0% used [0x00000000f2980000,0x00000000f2980000,0x00000000f5180000)
 ParOldGen       total 176128K, used 110288K [0x0000000080000000, 0x000000008ac00000, 0x00000000d5580000)
  object space 176128K, 62% used [0x0000000080000000,0x0000000086bb4078,0x000000008ac00000)
 Metaspace       used 110361K, capacity 116502K, committed 116568K, reserved 1150976K
  class space    used 14534K, capacity 15726K, committed 15744K, reserved 1048576K
}
Event: 2066.268 GC heap before
{Heap before GC invocations=25 (full 4):
 PSYoungGen      total 514048K, used 507832K [0x00000000d5580000, 0x00000000f7980000, 0x0000000100000000)
  eden space 479232K, 100% used [0x00000000d5580000,0x00000000f2980000,0x00000000f2980000)
  from space 34816K, 82% used [0x00000000f5780000,0x00000000f736e050,0x00000000f7980000)
  to   space 40960K, 0% used [0x00000000f2980000,0x00000000f2980000,0x00000000f5180000)
 ParOldGen       total 176128K, used 110288K [0x0000000080000000, 0x000000008ac00000, 0x00000000d5580000)
  object space 176128K, 62% used [0x0000000080000000,0x0000000086bb4078,0x000000008ac00000)
 Metaspace       used 111395K, capacity 117544K, committed 117592K, reserved 1150976K
  class space    used 14572K, capacity 15737K, committed 15744K, reserved 1048576K
Event: 2066.308 GC heap after
Heap after GC invocations=25 (full 4):
 PSYoungGen      total 520192K, used 25673K [0x00000000d5580000, 0x00000000ff300000, 0x0000000100000000)
  eden space 479232K, 0% used [0x00000000d5580000,0x00000000d5580000,0x00000000f2980000)
  from space 40960K, 62% used [0x00000000f2980000,0x00000000f42924b8,0x00000000f5180000)
  to   space 41472K, 0% used [0x00000000fca80000,0x00000000fca80000,0x00000000ff300000)
 ParOldGen       total 176128K, used 124305K [0x0000000080000000, 0x000000008ac00000, 0x00000000d5580000)
  object space 176128K, 70% used [0x0000000080000000,0x0000000087964408,0x000000008ac00000)
 Metaspace       used 111395K, capacity 117544K, committed 117592K, reserved 1150976K
  class space    used 14572K, capacity 15737K, committed 15744K, reserved 1048576K
}

